<?xml version="1.0" encoding="UTF-8"?>
<!-- Generated by org.testng.reporters.JUnitXMLReporter -->
<testsuite hostname="YUVAROV-NB" ignored="0" name="Command line test" tests="2" failures="0" timestamp="2021-04-20T22:32:13 EEST" time="0.037" errors="0">
  <testcase name="@BeforeClass setUp" time="0.007" classname="tests.BaseTest">
    <failure type="java.lang.NullPointerException" message="Name is null">
      <![CDATA[java.lang.NullPointerException: Name is null
at java.lang.Enum.valueOf(Enum.java:236)
at utils.Browser.valueOf(Browser.java:3)
at utils.PropertyReader.getBrowser(PropertyReader.java:17)
at tests.BaseTest.setUp(BaseTest.java:21)
at java.util.ArrayList.forEach(ArrayList.java:1257)
... Removed 35 stack frames]]>
    </failure>
  </testcase> <!-- @BeforeClass setUp -->
  <testcase name="@BeforeMethod drSettings" time="-1.618947133901E9" classname="tests.BaseTest">
    <skipped/>
  </testcase> <!-- @BeforeMethod drSettings -->
  <testcase name="@AfterMethod goBack" time="-1.618947133903E9" classname="tests.BaseTest">
    <skipped/>
  </testcase> <!-- @AfterMethod goBack -->
  <testcase name="@BeforeMethod drSettings" time="-1.618947133903E9" classname="tests.BaseTest">
    <skipped/>
  </testcase> <!-- @BeforeMethod drSettings -->
  <testcase name="@AfterMethod goBack" time="-1.618947133903E9" classname="tests.BaseTest">
    <skipped/>
  </testcase> <!-- @AfterMethod goBack -->
  <testcase name="@AfterClass tearDown" time="-1.618947133904E9" classname="tests.BaseTest">
    <skipped/>
  </testcase> <!-- @AfterClass tearDown -->
  <testcase name="openGoogleChromeTest" time="0.0" classname="tests.SearchTest">
    <skipped/>
  </testcase> <!-- openGoogleChromeTest -->
  <testcase name="openGoogleChromeTest" time="0.0" classname="tests.SearchTest">
    <skipped/>
  </testcase> <!-- openGoogleChromeTest -->
</testsuite> <!-- Command line test -->
