<?xml version="1.0" encoding="UTF-8"?>
<testng-results skipped="0" failed="0" ignored="0" total="1" passed="1">
  <reporter-output>
  </reporter-output>
  <suite name="Command line suite" duration-ms="8483" started-at="2021-03-17T14:44:38 EET" finished-at="2021-03-17T14:44:46 EET">
    <groups>
    </groups>
    <test name="Command line test" duration-ms="8483" started-at="2021-03-17T14:44:38 EET" finished-at="2021-03-17T14:44:46 EET">
      <class name="SearchTest">
        <test-method status="PASS" signature="setUp()[pri:0, instance:SearchTest@271053e1]" name="setUp" is-config="true" duration-ms="3783" started-at="2021-03-17T14:44:38 EET" finished-at="2021-03-17T14:44:42 EET">
          <reporter-output>
          </reporter-output>
        </test-method> <!-- setUp -->
        <test-method status="PASS" signature="driverSettings()[pri:0, instance:SearchTest@271053e1]" name="driverSettings" is-config="true" duration-ms="146" started-at="2021-03-17T14:44:42 EET" finished-at="2021-03-17T14:44:42 EET">
          <reporter-output>
          </reporter-output>
        </test-method> <!-- driverSettings -->
        <test-method status="PASS" signature="openGoogleChromeTest(java.lang.String)[pri:0, instance:SearchTest@271053e1]" name="openGoogleChromeTest" duration-ms="3591" started-at="2021-03-17T14:44:42 EET" data-provider="Data Provider" finished-at="2021-03-17T14:44:45 EET">
          <params>
            <param index="0">
              <value>
                <![CDATA[selenium java]]>
              </value>
            </param>
          </params>
          <reporter-output>
          </reporter-output>
        </test-method> <!-- openGoogleChromeTest -->
        <test-method status="PASS" signature="goBack()[pri:0, instance:SearchTest@271053e1]" name="goBack" is-config="true" duration-ms="205" started-at="2021-03-17T14:44:45 EET" finished-at="2021-03-17T14:44:46 EET">
          <reporter-output>
          </reporter-output>
        </test-method> <!-- goBack -->
        <test-method status="PASS" signature="tearDown()[pri:0, instance:SearchTest@271053e1]" name="tearDown" is-config="true" duration-ms="727" started-at="2021-03-17T14:44:46 EET" finished-at="2021-03-17T14:44:46 EET">
          <reporter-output>
          </reporter-output>
        </test-method> <!-- tearDown -->
      </class> <!-- SearchTest -->
    </test> <!-- Command line test -->
  </suite> <!-- Command line suite -->
</testng-results>
